[2021-11-29 10:54:37,687] DEBUG: Running DivideandConquerFibonacci
[2021-11-29 10:54:37,687] DEBUG: INPUT_THRESHOLD is: 0
[2021-11-29 10:54:37,687] DEBUG: OUTPUT_THRESHOLD is: 9223372036854775807
[2021-11-29 10:54:37,687] DEBUG: SEQUENTIAL_THRESHOLD is: 1
[2021-11-29 10:54:37,687] DEBUG: n: 4
[2021-11-29 10:54:37,687] DEBUG: memoize is: False
[2021-11-29 10:54:37,687] DEBUG: Root Problem: (ID: None, value: 4, < WukongProblem < memoization_label_on_restart = None> >)
[2021-11-29 10:54:37,688] DEBUG: >> Starting Memoization Controller now...
[2021-11-29 10:54:37,688] DEBUG: Initial pairing name: "[0,1]"
[2021-11-29 10:54:37,688] DEBUG: >> Memoization Thread has started running...
[2021-11-29 10:54:37,688] DEBUG: >> Memoization Controller started successfully!
[2021-11-29 10:54:37,688] DEBUG: >> Memoization Thread awaiting message...
[2021-11-29 10:54:37,688] DEBUG: >>>> Executor for Problem ID [0,1] has started running!
[2021-11-29 10:54:37,688] DEBUG: [0,1] Calling problem.divide()
[2021-11-29 10:54:37,688] DEBUG: [0,1]: Divide: fibonacci run: value: 4
[2021-11-29 10:54:37,689] DEBUG: [0,1]: Divide: problem_id: [0,1]
[2021-11-29 10:54:37,689] DEBUG: [0,1]: Divide: fan_in_stack:
[2021-11-29 10:54:37,689] DEBUG: [0,1]: Divide: problem_id: [0,1]
[2021-11-29 10:54:37,689] DEBUG: [0,1]: divide: minus_1: (ID: None, value: 3, < WukongProblem < memoization_label_on_restart = None> >)
[2021-11-29 10:54:37,689] DEBUG: [0,1]: divide: minus_2: (ID: None, value: 2, < WukongProblem < memoization_label_on_restart = None> >)
[2021-11-29 10:54:37,689] DEBUG: [0,1] Calling problem.Fanout()
len(subProblems): 2
[2021-11-29 10:54:37,689] DEBUG: >> [0,1]: generated fan-out ID "[0,1][0,2]"
[2021-11-29 10:54:37,689] INFO: [0,1]: Fanout: push on childFanInStack: (parent) problem: (ID: [0,1], value: 4, < WukongProblem < memoization_label_on_restart = None> >)
[2021-11-29 10:54:37,689] DEBUG: [0,1]: Fanout: parent stack (len = 0):
[2021-11-29 10:54:37,689] DEBUG: [0,1]: Fanout: subProblem stack (len = 1): (ID: [0,1], value: 4, < WukongProblem < memoization_label_on_restart = None> >)
[2021-11-29 10:54:37,690] DEBUG: [0,1]: Fanout: ID: [0,1] invoking new right executor: [0,1][0,2]
[2021-11-29 10:54:37,690] WARNING: MemoizationController already initialized.
[2021-11-29 10:54:37,690] DEBUG: >> [0,1]: Become fanout ID: [0,1][1,2]
[2021-11-29 10:54:37,690] DEBUG: >>>> Executor for Problem ID [0,1][0,2] has started running!
[2021-11-29 10:54:37,690] DEBUG: [0,1]: Fanout: ID: [0,1] becoming left executor: [0,1][1,2]
[2021-11-29 10:54:37,690] WARNING: MemoizationController already initialized.
[2021-11-29 10:54:37,690] DEBUG: [0,1][0,2] Calling problem.divide()
[2021-11-29 10:54:37,690] DEBUG: >>>> Executor for Problem ID [0,1][1,2] has started running!
[2021-11-29 10:54:37,690] DEBUG: [0,1][0,2]: Divide: fibonacci run: value: 2
[2021-11-29 10:54:37,690] DEBUG: [0,1][1,2] Calling problem.divide()
[2021-11-29 10:54:37,690] DEBUG: [0,1][0,2]: Divide: problem_id: [0,1][0,2]
[2021-11-29 10:54:37,691] DEBUG: [0,1][0,2]: Divide: fan_in_stack:(ID: [0,1], value: 4, < WukongProblem < memoization_label_on_restart = None> >)
[2021-11-29 10:54:37,691] DEBUG: [0,1][0,2]: Divide: problem_id: [0,1][0,2]
[2021-11-29 10:54:37,691] DEBUG: [0,1][1,2]: Divide: fibonacci run: value: 3
[2021-11-29 10:54:37,691] DEBUG: [0,1][1,2]: Divide: problem_id: [0,1][1,2]
[2021-11-29 10:54:37,691] DEBUG: [0,1][1,2]: Divide: fan_in_stack:(ID: [0,1], value: 4, < WukongProblem < memoization_label_on_restart = None> >)
[2021-11-29 10:54:37,691] DEBUG: [0,1][1,2]: Divide: problem_id: [0,1][1,2]
[2021-11-29 10:54:37,691] DEBUG: [0,1][0,2]: divide: minus_1: (ID: None, value: 1, < WukongProblem < memoization_label_on_restart = None> >)
[2021-11-29 10:54:37,691] DEBUG: [0,1][0,2]: divide: minus_2: (ID: None, value: 0, < WukongProblem < memoization_label_on_restart = None> >)
[2021-11-29 10:54:37,691] DEBUG: [0,1][0,2] Calling problem.Fanout()
[2021-11-29 10:54:37,691] DEBUG: [0,1][1,2]: divide: minus_1: (ID: None, value: 2, < WukongProblem < memoization_label_on_restart = None> >)
len(subProblems): 2
[2021-11-29 10:54:37,691] DEBUG: >> [0,1][0,2]: generated fan-out ID "[0,1][0,2][0,2]"
[2021-11-29 10:54:37,691] DEBUG: [0,1][1,2]: divide: minus_2: (ID: None, value: 1, < WukongProblem < memoization_label_on_restart = None> >)
[2021-11-29 10:54:37,692] INFO: [0,1][0,2]: Fanout: push on childFanInStack: (parent) problem: (ID: [0,1][0,2], value: 2, < WukongProblem < memoization_label_on_restart = None> >)
[2021-11-29 10:54:37,692] DEBUG: [0,1][1,2] Calling problem.Fanout()
[2021-11-29 10:54:37,692] DEBUG: [0,1][0,2]: Fanout: parent stack (len = 1): (ID: [0,1], value: 4, < WukongProblem < memoization_label_on_restart = None> >) 
len(subProblems): 2
[2021-11-29 10:54:37,692] DEBUG: >> [0,1][1,2]: generated fan-out ID "[0,1][1,2][0,2]"
[2021-11-29 10:54:37,692] DEBUG: [0,1][0,2]: Fanout: subProblem stack (len = 2): (ID: [0,1], value: 4, < WukongProblem < memoization_label_on_restart = None> >) (ID: [0,1][0,2], value: 2, < WukongProblem < memoization_label_on_restart = None> >)
[2021-11-29 10:54:37,692] DEBUG: [0,1][0,2]: Fanout: ID: [0,1][0,2] invoking new right executor: [0,1][0,2][0,2]
[2021-11-29 10:54:37,692] INFO: [0,1][1,2]: Fanout: push on childFanInStack: (parent) problem: (ID: [0,1][1,2], value: 3, < WukongProblem < memoization_label_on_restart = None> >)
[2021-11-29 10:54:37,693] DEBUG: [0,1][1,2]: Fanout: parent stack (len = 1): (ID: [0,1], value: 4, < WukongProblem < memoization_label_on_restart = None> >) 
[2021-11-29 10:54:37,693] WARNING: MemoizationController already initialized.
[2021-11-29 10:54:37,693] DEBUG: >> [0,1][0,2]: Become fanout ID: [0,1][0,2][1,2]
[2021-11-29 10:54:37,694] DEBUG: >>>> Executor for Problem ID [0,1][0,2][0,2] has started running!
[2021-11-29 10:54:37,694] DEBUG: [0,1][1,2]: Fanout: subProblem stack (len = 2): (ID: [0,1], value: 4, < WukongProblem < memoization_label_on_restart = None> >) (ID: [0,1][1,2], value: 3, < WukongProblem < memoization_label_on_restart = None> >)
[2021-11-29 10:54:37,695] DEBUG: [0,1][0,2][0,2]: Sequential: [0,1][0,2][0,2] result.value: 0
[2021-11-29 10:54:37,695] DEBUG: [0,1][1,2]: Fanout: ID: [0,1][1,2] invoking new right executor: [0,1][1,2][0,2]
[2021-11-29 10:54:37,695] DEBUG: [0,1][0,2][0,2] base case: result before ProcessBaseCase(): Wukong Result: (ID: None /value: 0)
[2021-11-29 10:54:37,695] DEBUG: [0,1][0,2]: Fanout: ID: [0,1][0,2] becoming left executor: [0,1][0,2][1,2]
[2021-11-29 10:54:37,696] WARNING: MemoizationController already initialized.
[2021-11-29 10:54:37,696] DEBUG: [0,1][0,2][0,2]: **********************Start Fanin operation:
[2021-11-29 10:54:37,697] WARNING: MemoizationController already initialized.
[2021-11-29 10:54:37,697] DEBUG: >> [0,1][1,2]: Become fanout ID: [0,1][1,2][1,2]
[2021-11-29 10:54:37,697] DEBUG: >>>> Executor for Problem ID [0,1][0,2][1,2] has started running!
[2021-11-29 10:54:37,697] DEBUG: [0,1][0,2][0,2]: Fan-in: problem ID: [0,1][0,2][0,2]
[2021-11-29 10:54:37,698] DEBUG: >>>> Executor for Problem ID [0,1][1,2][0,2] has started running!
[2021-11-29 10:54:37,698] DEBUG: [0,1][0,2][1,2]: Sequential: [0,1][0,2][1,2] result.value: 1
[2021-11-29 10:54:37,699] DEBUG: [0,1][0,2][0,2]: Fan-in: become_executor: False
[2021-11-29 10:54:37,699] DEBUG: [0,1][0,2][1,2] base case: result before ProcessBaseCase(): Wukong Result: (ID: None /value: 1)
[2021-11-29 10:54:37,699] DEBUG: [0,1][1,2][0,2]: Sequential: [0,1][1,2][0,2] result.value: 1
[2021-11-29 10:54:37,699] DEBUG: [0,1][0,2][0,2]: Fan-in: fan_in_stack: (ID: [0,1], value: 4, < WukongProblem < memoization_label_on_restart = None> >) (ID: [0,1][0,2], value: 2, < WukongProblem < memoization_label_on_restart = None> >)
[2021-11-29 10:54:37,701] DEBUG: [0,1][1,2][0,2] base case: result before ProcessBaseCase(): Wukong Result: (ID: None /value: 1)
[2021-11-29 10:54:37,701] DEBUG: >> Local problem label start of Fanin: "[0,1][0,2][0,2]"
[2021-11-29 10:54:37,701] DEBUG: [0,1][1,2]: Fanout: ID: [0,1][1,2] becoming left executor: [0,1][1,2][1,2]
[2021-11-29 10:54:37,704] DEBUG: >> returning fanin label "[0,1][2,2]", parent problem label = "[0,1][0,2][0,2]", x = 0, y = 2
[2021-11-29 10:54:37,704] WARNING: MemoizationController already initialized.
[2021-11-29 10:54:37,704] DEBUG: [0,1][0,2][1,2]: **********************Start Fanin operation:
[2021-11-29 10:54:37,705] DEBUG: >>>> Executor for Problem ID [0,1][1,2][1,2] has started running!
[2021-11-29 10:54:37,706] DEBUG: [0,1][1,2][1,2] Calling problem.divide()
[2021-11-29 10:54:37,706] DEBUG: [0,1][0,2][1,2]: Fan-in: problem ID: [0,1][0,2][1,2]
[2021-11-29 10:54:37,706] DEBUG: [0,1][1,2][1,2]: Divide: fibonacci run: value: 2
[2021-11-29 10:54:37,706] DEBUG: [0,1][0,2][1,2]: Fan-in: become_executor: True
[2021-11-29 10:54:37,706] DEBUG: [0,1][0,2][1,2]: Fan-in: fan_in_stack: (ID: [0,1], value: 4, < WukongProblem < memoization_label_on_restart = None> >) (ID: [0,1][0,2], value: 2, < WukongProblem < memoization_label_on_restart = None> >)
[2021-11-29 10:54:37,706] DEBUG: [0,1][1,2][1,2]: Divide: problem_id: [0,1][1,2][1,2]
[2021-11-29 10:54:37,707] DEBUG: [0,1][1,2][1,2]: Divide: fan_in_stack:(ID: [0,1], value: 4, < WukongProblem < memoization_label_on_restart = None> >) (ID: [0,1][1,2], value: 3, < WukongProblem < memoization_label_on_restart = None> >)
[2021-11-29 10:54:37,707] DEBUG: >> Local problem label start of Fanin: "[0,1][0,2][1,2]"
[2021-11-29 10:54:37,707] DEBUG: [0,1][1,2][1,2]: Divide: problem_id: [0,1][1,2][1,2]
[2021-11-29 10:54:37,707] DEBUG: [0,1][1,2][0,2]: **********************Start Fanin operation:
[2021-11-29 10:54:37,708] DEBUG: [0,1][1,2][1,2]: divide: minus_1: (ID: None, value: 1, < WukongProblem < memoization_label_on_restart = None> >)
[2021-11-29 10:54:37,708] DEBUG: >> returning fanin label "[0,1][2,2]", parent problem label = "[0,1][0,2][1,2]", x = 0, y = 2
[2021-11-29 10:54:37,709] DEBUG: [0,1][1,2][1,2]: divide: minus_2: (ID: None, value: 0, < WukongProblem < memoization_label_on_restart = None> >)
[2021-11-29 10:54:37,708] DEBUG: [0,1][1,2][0,2]: Fan-in: problem ID: [0,1][1,2][0,2]
[2021-11-29 10:54:37,710] DEBUG: [0,1][1,2][1,2] Calling problem.Fanout()
[2021-11-29 10:54:37,710] DEBUG: [0,1][1,2][0,2]: Fan-in: become_executor: False
len(subProblems): 2
[2021-11-29 10:54:37,711] DEBUG: [0,1][1,2][0,2]: Fan-in: fan_in_stack: (ID: [0,1], value: 4, < WukongProblem < memoization_label_on_restart = None> >) (ID: [0,1][1,2], value: 3, < WukongProblem < memoization_label_on_restart = None> >)
[2021-11-29 10:54:37,711] DEBUG: >> [0,1][1,2][1,2]: generated fan-out ID "[0,1][1,2][1,2][0,2]"
[2021-11-29 10:54:37,712] DEBUG: >> Local problem label start of Fanin: "[0,1][1,2][0,2]"
[2021-11-29 10:54:37,712] DEBUG: [0,1][0,2][0,2]: Fan-in: problem ID: [0,1][0,2][0,2] parentProblem ID: [0,1][0,2]
[2021-11-29 10:54:37,713] DEBUG: >> returning fanin label "[0,1][3,2]", parent problem label = "[0,1][1,2][0,2]", x = 1, y = 2
[2021-11-29 10:54:37,713] DEBUG: [0,1][0,2][0,2]: faninId: [0,1][2,2]
[2021-11-29 10:54:37,714] DEBUG: [0,1][0,2][0,2]: Fan-in: problem ID: [0,1][0,2][0,2] problem.become_executor: False parentProblem.become_executor: False
[2021-11-29 10:54:37,715] DEBUG:
[2021-11-29 10:54:37,715] DEBUG: [0,1][0,2][0,2]: parentProblem ID: [0,1][0,2], calling isLastFanInExector() now...
[2021-11-29 10:54:37,715] DEBUG: [0,1][0,2][1,2]: Fan-in: problem ID: [0,1][0,2][1,2] parentProblem ID: [0,1][0,2]
[2021-11-29 10:54:37,715] DEBUG: isLastFanInExecutor: Writing to [0,1][2,2] the value Wukong Result: (ID: [0,1][0,2][0,2] /value: 0)
[2021-11-29 10:54:37,716] DEBUG: [0,1][0,2][1,2]: faninId: [0,1][2,2]
[2021-11-29 10:54:37,718] DEBUG: [0,1][0,2][1,2]: Fan-in: problem ID: [0,1][0,2][1,2] problem.become_executor: True parentProblem.become_executor: False
[2021-11-29 10:54:37,718] DEBUG:
[2021-11-29 10:54:37,719] DEBUG: [0,1][0,2][1,2]: parentProblem ID: [0,1][0,2], calling isLastFanInExector() now...
[2021-11-29 10:54:37,719] INFO: [0,1][1,2][1,2]: Fanout: push on childFanInStack: (parent) problem: (ID: [0,1][1,2][1,2], value: 2, < WukongProblem < memoization_label_on_restart = None> >)
[2021-11-29 10:54:37,719] DEBUG: isLastFanInExecutor: Writing to [0,1][2,2] the value Wukong Result: (ID: [0,1][0,2][1,2] /value: 1)
[2021-11-29 10:54:37,719] DEBUG: [0,1][1,2][1,2]: Fanout: parent stack (len = 2): (ID: [0,1], value: 4, < WukongProblem < memoization_label_on_restart = None> >) (ID: [0,1][1,2], value: 3, < WukongProblem < memoization_label_on_restart = None> >)
[2021-11-29 10:54:37,720] DEBUG: [0,1][1,2][1,2]: Fanout: subProblem stack (len = 3): (ID: [0,1], value: 4, < WukongProblem < memoization_label_on_restart = None> >) (ID: [0,1][1,2], value: 3, < WukongProblem < memoization_label_on_restart = None> >) (ID: [0,1][1,2][1,2], value: 2, < WukongProblem < memoization_label_on_restart = None> >)
[2021-11-29 10:54:37,720] DEBUG: [0,1][1,2][1,2]: Fanout: ID: [0,1][1,2][1,2] invoking new right executor: [0,1][1,2][1,2][0,2]
[2021-11-29 10:54:37,721] DEBUG: Fan-In: ID: [0,1][0,2][0,2]: FanInID: [0,1][2,2]: is not become Executor and its value was: Wukong Result: (ID: [0,1][0,2][0,2] /value: 0) and after put is Wukong Result: (ID: [0,1][0,2][0,2] /value: 0)
[2021-11-29 10:54:37,721] DEBUG: [0,1][1,2][0,2]: Fan-in: problem ID: [0,1][1,2][0,2] parentProblem ID: [0,1][1,2]
[2021-11-29 10:54:37,721] WARNING: MemoizationController already initialized.
[2021-11-29 10:54:37,722] DEBUG: >> [0,1][1,2][1,2]: Become fanout ID: [0,1][1,2][1,2][1,2]
[2021-11-29 10:54:37,723] DEBUG: >>>> Executor for Problem ID [0,1][1,2][1,2][0,2] has started running!
[2021-11-29 10:54:37,723] DEBUG: [0,1][1,2][0,2]: faninId: [0,1][3,2]
[2021-11-29 10:54:37,723] DEBUG: [0,1][1,2][1,2][0,2]: Sequential: [0,1][1,2][1,2][0,2] result.value: 0
[2021-11-29 10:54:37,724] DEBUG: [0,1][1,2][0,2]: Fan-in: problem ID: [0,1][1,2][0,2] problem.become_executor: False parentProblem.become_executor: True
[2021-11-29 10:54:37,724] DEBUG: [0,1][1,2][1,2][0,2] base case: result before ProcessBaseCase(): Wukong Result: (ID: None /value: 0)
[2021-11-29 10:54:37,724] DEBUG:
[2021-11-29 10:54:37,725] DEBUG: [0,1][1,2][0,2]: parentProblem ID: [0,1][1,2], calling isLastFanInExector() now...
[2021-11-29 10:54:37,725] DEBUG: [0,1][0,2][1,2]: FanIn: ID: [0,1][0,2][1,2]: FanInID: [0,1][2,2]: : Returned from put: executor isLastFanInExecutor
[2021-11-29 10:54:37,725] DEBUG: isLastFanInExecutor: Writing to [0,1][3,2] the value Wukong Result: (ID: [0,1][1,2][0,2] /value: 1)
[2021-11-29 10:54:37,725] DEBUG: Wukong Result: (ID: [0,1][0,2][0,2] /value: 0)
[2021-11-29 10:54:37,726] DEBUG: [0,1][0,2][1,2]: ID: [0,1][0,2][1,2]: call combine ***************
[2021-11-29 10:54:37,726] DEBUG: [0,1][0,2][1,2]: CALLING COMBINE NOW...
[2021-11-29 10:54:37,726] DEBUG: [0,1][1,2][1,2]: Fanout: ID: [0,1][1,2][1,2] becoming left executor: [0,1][1,2][1,2][1,2]
[2021-11-29 10:54:37,727] DEBUG: [0,1][0,2][1,2]: combine: firstValue: 0 secondValue: 1 combination.value: 1
[2021-11-29 10:54:37,728] DEBUG: [0,1][0,2][1,2]: FanIn: ID: [0,1][0,2][1,2], result: Wukong Result: (ID: [0,1][0,2][1,2] /value: 1)
[2021-11-29 10:54:37,728] WARNING: MemoizationController already initialized.
[2021-11-29 10:54:37,728] DEBUG: [0,1][1,2][1,2][0,2]: **********************Start Fanin operation:
[2021-11-29 10:54:37,728] DEBUG: >>>> Executor for Problem ID [0,1][1,2][1,2][1,2] has started running!
[2021-11-29 10:54:37,729] DEBUG: [0,1][1,2][1,2][0,2]: Fan-in: problem ID: [0,1][1,2][1,2][0,2]
[2021-11-29 10:54:37,729] DEBUG: [0,1][1,2][1,2][1,2]: Sequential: [0,1][1,2][1,2][1,2] result.value: 1
[2021-11-29 10:54:37,730] DEBUG: [0,1][1,2][1,2][0,2]: Fan-in: become_executor: False
[2021-11-29 10:54:37,730] DEBUG: [0,1][1,2][1,2][1,2] base case: result before ProcessBaseCase(): Wukong Result: (ID: None /value: 1)
[2021-11-29 10:54:37,730] DEBUG: [0,1][1,2][1,2][0,2]: Fan-in: fan_in_stack: (ID: [0,1], value: 4, < WukongProblem < memoization_label_on_restart = None> >) (ID: [0,1][1,2], value: 3, < WukongProblem < memoization_label_on_restart = None> >) (ID: [0,1][1,2][1,2], value: 2, < WukongProblem < memoization_label_on_restart = None> >)
[2021-11-29 10:54:37,731] DEBUG: >> Local problem label start of Fanin: "[0,1][1,2][1,2][0,2]"
[2021-11-29 10:54:37,731] DEBUG: Fan-In: ID: [0,1][1,2][0,2]: FanInID: [0,1][3,2]: is not become Executor and its value was: Wukong Result: (ID: [0,1][1,2][0,2] /value: 1) and after put is Wukong Result: (ID: [0,1][1,2][0,2] /value: 1)
[2021-11-29 10:54:37,731] DEBUG: >> returning fanin label "[0,1][1,2][3,2]", parent problem label = "[0,1][1,2][1,2][0,2]", x = 1, y = 2
[2021-11-29 10:54:37,731] DEBUG: [0,1][1,2][1,2][1,2]: **********************Start Fanin operation:
[2021-11-29 10:54:37,734] DEBUG: [0,1][1,2][1,2][1,2]: Fan-in: problem ID: [0,1][1,2][1,2][1,2]
[2021-11-29 10:54:37,734] DEBUG: [0,1][1,2][1,2][1,2]: Fan-in: become_executor: True
[2021-11-29 10:54:37,735] DEBUG: [0,1][1,2][1,2][1,2]: Fan-in: fan_in_stack: (ID: [0,1], value: 4, < WukongProblem < memoization_label_on_restart = None> >) (ID: [0,1][1,2], value: 3, < WukongProblem < memoization_label_on_restart = None> >) (ID: [0,1][1,2][1,2], value: 2, < WukongProblem < memoization_label_on_restart = None> >)
[2021-11-29 10:54:37,735] DEBUG: >> Local problem label start of Fanin: "[0,1][1,2][1,2][1,2]"
[2021-11-29 10:54:37,735] DEBUG: [0,1][0,2][1,2]: Local problem label BEFORE chopping: "[0,1][0,2][1,2]"
[2021-11-29 10:54:37,735] DEBUG: >> returning fanin label "[0,1][1,2][3,2]", parent problem label = "[0,1][1,2][1,2][1,2]", x = 1, y = 2
[2021-11-29 10:54:37,736] DEBUG: [0,1][0,2][1,2]: Local problem label AFTER chopping: "[0,1][0,2]"
[2021-11-29 10:54:37,736] DEBUG: >> returning fanin label "[1,1]", parent problem label = "[0,1][0,2]", x = 0, y = 1
[2021-11-29 10:54:37,736] DEBUG: [0,1][1,2][1,2][0,2]: Fan-in: problem ID: [0,1][1,2][1,2][0,2] parentProblem ID: [0,1][1,2][1,2]
[2021-11-29 10:54:37,737] DEBUG: [0,1][1,2][1,2][0,2]: faninId: [0,1][1,2][3,2]
[2021-11-29 10:54:37,737] DEBUG: [0,1][1,2][1,2][0,2]: Fan-in: problem ID: [0,1][1,2][1,2][0,2] problem.become_executor: False parentProblem.become_executor: True
[2021-11-29 10:54:37,738] DEBUG:
[2021-11-29 10:54:37,738] DEBUG: [0,1][1,2][1,2][0,2]: parentProblem ID: [0,1][1,2][1,2], calling isLastFanInExector() now...
[2021-11-29 10:54:37,738] DEBUG: [0,1][1,2][1,2][1,2]: Fan-in: problem ID: [0,1][1,2][1,2][1,2] parentProblem ID: [0,1][1,2][1,2]
[2021-11-29 10:54:37,738] DEBUG: isLastFanInExecutor: Writing to [0,1][1,2][3,2] the value Wukong Result: (ID: [0,1][1,2][1,2][0,2] /value: 0)
[2021-11-29 10:54:37,739] DEBUG: [0,1][1,2][1,2][1,2]: faninId: [0,1][1,2][3,2]
[2021-11-29 10:54:37,739] DEBUG: [0,1][1,2][1,2][1,2]: Fan-in: problem ID: [0,1][1,2][1,2][1,2] problem.become_executor: True parentProblem.become_executor: True
[2021-11-29 10:54:37,740] DEBUG:
[2021-11-29 10:54:37,740] DEBUG: [0,1][1,2][1,2][1,2]: parentProblem ID: [0,1][1,2][1,2], calling isLastFanInExector() now...
[2021-11-29 10:54:37,740] DEBUG: [0,1][0,2][1,2]: Fan-in: problem ID: [0,1][0,2][1,2] parentProblem ID: [0,1]
[2021-11-29 10:54:37,741] DEBUG: isLastFanInExecutor: Writing to [0,1][1,2][3,2] the value Wukong Result: (ID: [0,1][1,2][1,2][1,2] /value: 1)
[2021-11-29 10:54:37,741] DEBUG: [0,1][0,2][1,2]: faninId: [1,1]
[2021-11-29 10:54:37,742] DEBUG: [0,1][0,2][1,2]: Fan-in: problem ID: [0,1][0,2][1,2] problem.become_executor: True parentProblem.become_executor: False
[2021-11-29 10:54:37,742] DEBUG:
[2021-11-29 10:54:37,742] DEBUG: [0,1][0,2][1,2]: parentProblem ID: [0,1], calling isLastFanInExector() now...
[2021-11-29 10:54:37,742] DEBUG: Fan-In: ID: [0,1][1,2][1,2][0,2]: FanInID: [0,1][1,2][3,2]: is not become Executor and its value was: Wukong Result: (ID: [0,1][1,2][1,2][0,2] /value: 0) and after put is Wukong Result: (ID: [0,1][1,2][1,2][0,2] /value: 0)
[2021-11-29 10:54:37,743] DEBUG: isLastFanInExecutor: Writing to [1,1] the value Wukong Result: (ID: [0,1][0,2][1,2] /value: 1)
[2021-11-29 10:54:37,743] DEBUG: [0,1][1,2][1,2][1,2]: FanIn: ID: [0,1][1,2][1,2][1,2]: FanInID: [0,1][1,2][3,2]: : Returned from put: executor isLastFanInExecutor
[2021-11-29 10:54:37,744] DEBUG: Wukong Result: (ID: [0,1][1,2][1,2][0,2] /value: 0)
[2021-11-29 10:54:37,744] DEBUG: [0,1][1,2][1,2][1,2]: ID: [0,1][1,2][1,2][1,2]: call combine ***************
[2021-11-29 10:54:37,744] DEBUG: [0,1][1,2][1,2][1,2]: CALLING COMBINE NOW...
[2021-11-29 10:54:37,744] DEBUG: Fan-In: ID: [0,1][0,2][1,2]: FanInID: [1,1]: is not become Executor and its value was: Wukong Result: (ID: [0,1][0,2][1,2] /value: 1) and after put is Wukong Result: (ID: [0,1][0,2][1,2] /value: 1)
[2021-11-29 10:54:37,745] DEBUG: [0,1][1,2][1,2][1,2]: combine: firstValue: 0 secondValue: 1 combination.value: 1
[2021-11-29 10:54:37,745] DEBUG: [0,1][1,2][1,2][1,2]: FanIn: ID: [0,1][1,2][1,2][1,2], result: Wukong Result: (ID: [0,1][1,2][1,2][1,2] /value: 1)
[2021-11-29 10:54:37,746] DEBUG: [0,1][1,2][1,2][1,2]: Local problem label BEFORE chopping: "[0,1][1,2][1,2][1,2]"
[2021-11-29 10:54:37,746] DEBUG: [0,1][1,2][1,2][1,2]: Local problem label AFTER chopping: "[0,1][1,2][1,2]"
[2021-11-29 10:54:37,746] DEBUG: >> returning fanin label "[0,1][3,2]", parent problem label = "[0,1][1,2][1,2]", x = 1, y = 2
[2021-11-29 10:54:37,747] DEBUG: [0,1][1,2][1,2][1,2]: Fan-in: problem ID: [0,1][1,2][1,2][1,2] parentProblem ID: [0,1][1,2]
[2021-11-29 10:54:37,747] DEBUG: [0,1][1,2][1,2][1,2]: faninId: [0,1][3,2]
[2021-11-29 10:54:37,747] DEBUG: [0,1][1,2][1,2][1,2]: Fan-in: problem ID: [0,1][1,2][1,2][1,2] problem.become_executor: True parentProblem.become_executor: True
[2021-11-29 10:54:37,748] DEBUG:
[2021-11-29 10:54:37,750] DEBUG: [0,1][1,2][1,2][1,2]: parentProblem ID: [0,1][1,2], calling isLastFanInExector() now...
[2021-11-29 10:54:37,750] DEBUG: isLastFanInExecutor: Writing to [0,1][3,2] the value Wukong Result: (ID: [0,1][1,2][1,2][1,2] /value: 1)
[2021-11-29 10:54:37,751] DEBUG: [0,1][1,2][1,2][1,2]: FanIn: ID: [0,1][1,2][1,2][1,2]: FanInID: [0,1][3,2]: : Returned from put: executor isLastFanInExecutor
[2021-11-29 10:54:37,751] DEBUG: Wukong Result: (ID: [0,1][1,2][0,2] /value: 1)
[2021-11-29 10:54:37,751] DEBUG: [0,1][1,2][1,2][1,2]: ID: [0,1][1,2][1,2][1,2]: call combine ***************
[2021-11-29 10:54:37,752] DEBUG: [0,1][1,2][1,2][1,2]: CALLING COMBINE NOW...
[2021-11-29 10:54:37,752] DEBUG: [0,1][1,2][1,2][1,2]: combine: firstValue: 1 secondValue: 1 combination.value: 2
[2021-11-29 10:54:37,752] DEBUG: [0,1][1,2][1,2][1,2]: FanIn: ID: [0,1][1,2][1,2][1,2], result: Wukong Result: (ID: [0,1][1,2][1,2][1,2] /value: 2)
[2021-11-29 10:54:37,753] DEBUG: [0,1][1,2][1,2][1,2]: Local problem label BEFORE chopping: "[0,1][1,2][1,2]"
[2021-11-29 10:54:37,753] DEBUG: [0,1][1,2][1,2][1,2]: Local problem label AFTER chopping: "[0,1][1,2]"
[2021-11-29 10:54:37,753] DEBUG: >> returning fanin label "[1,1]", parent problem label = "[0,1][1,2]", x = 0, y = 1
[2021-11-29 10:54:37,754] DEBUG: [0,1][1,2][1,2][1,2]: Fan-in: problem ID: [0,1][1,2][1,2][1,2] parentProblem ID: [0,1]
[2021-11-29 10:54:37,754] DEBUG: [0,1][1,2][1,2][1,2]: faninId: [1,1]
[2021-11-29 10:54:37,754] DEBUG: [0,1][1,2][1,2][1,2]: Fan-in: problem ID: [0,1][1,2][1,2][1,2] problem.become_executor: True parentProblem.become_executor: False
[2021-11-29 10:54:37,755] DEBUG:
[2021-11-29 10:54:37,755] DEBUG: [0,1][1,2][1,2][1,2]: parentProblem ID: [0,1], calling isLastFanInExector() now...
[2021-11-29 10:54:37,756] DEBUG: isLastFanInExecutor: Writing to [1,1] the value Wukong Result: (ID: [0,1][1,2][1,2][1,2] /value: 2)
[2021-11-29 10:54:37,756] DEBUG: [0,1][1,2][1,2][1,2]: FanIn: ID: [0,1][1,2][1,2][1,2]: FanInID: [1,1]: : Returned from put: executor isLastFanInExecutor
[2021-11-29 10:54:37,756] DEBUG: Wukong Result: (ID: [0,1][0,2][1,2] /value: 1)
[2021-11-29 10:54:37,757] DEBUG: [0,1][1,2][1,2][1,2]: ID: [0,1][1,2][1,2][1,2]: call combine ***************
[2021-11-29 10:54:37,757] DEBUG: [0,1][1,2][1,2][1,2]: CALLING COMBINE NOW...
[2021-11-29 10:54:37,757] DEBUG: [0,1][1,2][1,2][1,2]: combine: firstValue: 1 secondValue: 2 combination.value: 3
[2021-11-29 10:54:37,758] DEBUG: [0,1][1,2][1,2][1,2]: FanIn: ID: [0,1][1,2][1,2][1,2], result: Wukong Result: (ID: [0,1][1,2][1,2][1,2] /value: 3)
[2021-11-29 10:54:37,758] DEBUG: [0,1][1,2][1,2][1,2]: Local problem label BEFORE chopping: "[0,1][1,2]"
[2021-11-29 10:54:37,758] DEBUG: [0,1][1,2][1,2][1,2]: Local problem label AFTER chopping: "[0,1]"
[2021-11-29 10:54:37,759] DEBUG: Disabling memoization thread now...
[2021-11-29 10:54:37,759] DEBUG: MemoizationThread disabled.
[2021-11-29 10:54:37,759] DEBUG:
[2021-11-29 10:54:37,760] DEBUG: [0,1][1,2][1,2][1,2]: Fibonacci(4) = 3
[2021-11-29 10:54:37,760] DEBUG:
[2021-11-29 10:54:37,761] DEBUG: [0,1][1,2][1,2][1,2]: Verifying .......
[2021-11-29 10:54:39,775] DEBUG: Verified.

C:\Users\benrc\source\repos\DaskServerless\DaskServerless\DaskServerless\DivideAndConquer\Python>